<?xml version="1.0" encoding="UTF-8"?>
<testng-results skipped="0" failed="0" ignored="0" total="1" passed="1">
  <reporter-output>
  </reporter-output>
  <suite name="FREE CRM Application Test Automation Test Suite" duration-ms="86002" started-at="2020-03-14T18:20:55Z" finished-at="2020-03-14T18:22:21Z">
    <groups>
    </groups>
    <test name="Free CRM App Test Cases" duration-ms="86002" started-at="2020-03-14T18:20:55Z" finished-at="2020-03-14T18:22:21Z">
      <class name="com.crm.qa.testcases.LoginPageTest">
        <test-method status="PASS" signature="setUp()[pri:0, instance:com.crm.qa.testcases.LoginPageTest@27efef64]" name="setUp" is-config="true" duration-ms="59895" started-at="2020-03-14T23:50:55Z" finished-at="2020-03-14T23:51:55Z">
          <reporter-output>
          </reporter-output>
        </test-method> <!-- setUp -->
        <test-method status="PASS" signature="loginTest()[pri:0, instance:com.crm.qa.testcases.LoginPageTest@27efef64]" name="loginTest" duration-ms="24354" started-at="2020-03-14T23:51:55Z" finished-at="2020-03-14T23:52:19Z">
          <reporter-output>
          </reporter-output>
        </test-method> <!-- loginTest -->
        <test-method status="PASS" signature="tearDown()[pri:0, instance:com.crm.qa.testcases.LoginPageTest@27efef64]" name="tearDown" is-config="true" duration-ms="1402" started-at="2020-03-14T23:52:19Z" finished-at="2020-03-14T23:52:21Z">
          <reporter-output>
          </reporter-output>
        </test-method> <!-- tearDown -->
      </class> <!-- com.crm.qa.testcases.LoginPageTest -->
    </test> <!-- Free CRM App Test Cases -->
  </suite> <!-- FREE CRM Application Test Automation Test Suite -->
</testng-results>
